<?xml version="1.0" encoding="UTF-8"?>
<testsuite xmlns:xsi="http://www.w3.org/2001/XMLSchema-instance" xsi:noNamespaceSchemaLocation="https://maven.apache.org/surefire/maven-surefire-plugin/xsd/surefire-test-report.xsd" name="javabrains.MathUtillsTest" time="0.053" tests="14" errors="0" skipped="0" failures="0">
  <properties>
[...]
</properties>
  <testcase name="subtract" classname="javabrains.MathUtillsTest" time="0.009"/>
  <testcase name="testNegative2" classname="javabrains.MathUtillsTest" time="0"/>
  <testcase name="multiplyAssertAll" classname="javabrains.MathUtillsTest" time="0.004"/>
  <testcase name="add" classname="javabrains.MathUtillsTest" time="0"/>
  <testcase name="testdivideThrowException" classname="javabrains.MathUtillsTest" time="0.002"/>
  <testcase name="multiply[1]" classname="javabrains.MathUtillsTest" time="0.001"/>
  <testcase name="multiply[2]" classname="javabrains.MathUtillsTest" time="0.001"/>
  <testcase name="multiply[3]" classname="javabrains.MathUtillsTest" time="0"/>
  <testcase name="multiply[4]" classname="javabrains.MathUtillsTest" time="0.001"/>
  <testcase name="testComputeCircleRaduis" classname="javabrains.MathUtillsTest" time="0.002"/>
  <testcase name="testPositive" classname="javabrains.MathUtillsTest$Addtest" time="0"/>
  <testcase name="testPositive" classname="javabrains.MathUtillsTest$Addtest$AnotherTest" time="0.001"/>
  <testcase name="testNegative" classname="javabrains.MathUtillsTest$Addtest" time="0"/>
  <testcase name="testNegative" classname="javabrains.MathUtillsTest$Addtest$AnotherTest" time="0.001"/>
</testsuite>